<?xml version="1.0" encoding="UTF-8"?>
<testsuite xmlns:xsi="http://www.w3.org/2001/XMLSchema-instance" xsi:noNamespaceSchemaLocation="https://maven.apache.org/surefire/maven-surefire-plugin/xsd/surefire-test-report-3.0.xsd" version="3.0" name="com.shop.repository.ProductRepositoryTest" time="2.69" tests="3" errors="0" skipped="0" failures="0">
  <properties>
[...]
</properties>
  <testcase name="saveAndFindProductById" classname="com.shop.repository.ProductRepositoryTest" time="0.331">
    <system-out><![CDATA[07:47:07.209 [main] INFO org.springframework.test.context.support.AnnotationConfigContextLoaderUtils -- Could not detect default configuration classes for test class [com.shop.repository.ProductRepositoryTest]: ProductRepositoryTest does not declare any static, non-private, non-final, nested classes annotated with @Configuration.
07:47:07.255 [main] INFO org.springframework.boot.test.context.SpringBootTestContextBootstrapper -- Found @SpringBootConfiguration com.shop.EcommerceApplication for test class com.shop.repository.ProductRepositoryTest

  .   ____          _            __ _ _
 /\\ / ___'_ __ _ _(_)_ __  __ _ \ \ \ \
( ( )\___ | '_ | '_| | '_ \/ _` | \ \ \ \
 \\/  ___)| |_)| | | | | || (_| |  ) ) ) )
  '  |____| .__|_| |_|_| |_\__, | / / / /
 =========|_|==============|___/=/_/_/_/

 :: Spring Boot ::                (v3.3.5)

2026-09-06T07:47:07.428+07:00  INFO 23886 --- [shopvn] [           main] c.shop.repository.ProductRepositoryTest  : Starting ProductRepositoryTest using Java 21.0.12.1 with PID 23886 (started by datle in /Users/datle/workspace/videodaylaptrinh/javathucchien/ecommerce)
2026-09-06T07:47:07.429+07:00  INFO 23886 --- [shopvn] [           main] c.shop.repository.ProductRepositoryTest  : No active profile set, falling back to 1 default profile: "default"
2026-09-06T07:47:07.689+07:00  INFO 23886 --- [shopvn] [           main] .s.d.r.c.RepositoryConfigurationDelegate : Bootstrapping Spring Data JPA repositories in DEFAULT mode.
2026-09-06T07:47:07.714+07:00  INFO 23886 --- [shopvn] [           main] .s.d.r.c.RepositoryConfigurationDelegate : Finished Spring Data repository scanning in 22 ms. Found 2 JPA repository interfaces.
2026-09-06T07:47:08.046+07:00  INFO 23886 --- [shopvn] [           main] com.zaxxer.hikari.HikariDataSource       : HikariPool-1 - Starting...
2026-09-06T07:47:08.175+07:00  INFO 23886 --- [shopvn] [           main] com.zaxxer.hikari.pool.HikariPool        : HikariPool-1 - Added connection org.postgresql.jdbc.PgConnection@790d8fdd
2026-09-06T07:47:08.176+07:00  INFO 23886 --- [shopvn] [           main] com.zaxxer.hikari.HikariDataSource       : HikariPool-1 - Start completed.
2026-09-06T07:47:08.195+07:00  INFO 23886 --- [shopvn] [           main] org.flywaydb.core.FlywayExecutor         : Database: jdbc:postgresql://localhost:5433/shopvn (PostgreSQL 16.13)
2026-09-06T07:47:08.221+07:00  INFO 23886 --- [shopvn] [           main] o.f.c.i.s.JdbcTableSchemaHistory         : Schema history table "public"."flyway_schema_history" does not exist yet
2026-09-06T07:47:08.223+07:00  INFO 23886 --- [shopvn] [           main] o.f.core.internal.command.DbValidate     : Successfully validated 1 migration (execution time 00:00.011s)
2026-09-06T07:47:08.239+07:00  INFO 23886 --- [shopvn] [           main] o.f.c.i.s.JdbcTableSchemaHistory         : Creating Schema History table "public"."flyway_schema_history" ...
2026-09-06T07:47:08.314+07:00  INFO 23886 --- [shopvn] [           main] o.f.core.internal.command.DbMigrate      : Current version of schema "public": << Empty Schema >>
2026-09-06T07:47:08.320+07:00  INFO 23886 --- [shopvn] [           main] o.f.core.internal.command.DbMigrate      : Migrating schema "public" to version "1 - init schema"
2026-09-06T07:47:08.345+07:00  INFO 23886 --- [shopvn] [           main] o.f.core.internal.command.DbMigrate      : Successfully applied 1 migration to schema "public", now at version v1 (execution time 00:00.015s)
2026-09-06T07:47:08.392+07:00  INFO 23886 --- [shopvn] [           main] o.hibernate.jpa.internal.util.LogHelper  : HHH000204: Processing PersistenceUnitInfo [name: default]
2026-09-06T07:47:08.422+07:00  INFO 23886 --- [shopvn] [           main] org.hibernate.Version                    : HHH000412: Hibernate ORM core version 6.5.3.Final
2026-09-06T07:47:08.440+07:00  INFO 23886 --- [shopvn] [           main] o.h.c.internal.RegionFactoryInitiator    : HHH000026: Second-level cache disabled
2026-09-06T07:47:08.576+07:00  INFO 23886 --- [shopvn] [           main] o.s.o.j.p.SpringPersistenceUnitInfo      : No LoadTimeWeaver setup: ignoring JPA class transformer
2026-09-06T07:47:09.006+07:00  INFO 23886 --- [shopvn] [           main] o.h.e.t.j.p.i.JtaPlatformInitiator       : HHH000489: No JTA platform available (set 'hibernate.transaction.jta.platform' to enable JTA platform integration)
2026-09-06T07:47:09.034+07:00  INFO 23886 --- [shopvn] [           main] j.LocalContainerEntityManagerFactoryBean : Initialized JPA EntityManagerFactory for persistence unit 'default'
2026-09-06T07:47:09.097+07:00  WARN 23886 --- [shopvn] [           main] JpaBaseConfiguration$JpaWebConfiguration : spring.jpa.open-in-view is enabled by default. Therefore, database queries may be performed during view rendering. Explicitly configure spring.jpa.open-in-view to disable this warning
2026-09-06T07:47:09.406+07:00  INFO 23886 --- [shopvn] [           main] c.shop.repository.ProductRepositoryTest  : Started ProductRepositoryTest in 2.094 seconds (process running for 2.501)
Hibernate: 
    insert 
    into
        categories
        (created_at, name, parent_id) 
    values
        (?, ?, ?) 
    returning id
Hibernate: 
    insert 
    into
        categories
        (created_at, name, parent_id) 
    values
        (?, ?, ?) 
    returning id
Hibernate: 
    insert 
    into
        products
        (category_id, created_at, description, image_url, name, price, stock) 
    values
        (?, ?, ?, ?, ?, ?, ?) 
    returning id
]]></system-out>
    <system-err><![CDATA[WARNING: A Java agent has been loaded dynamically (/Users/datle/.m2/repository/net/bytebuddy/byte-buddy-agent/1.14.19/byte-buddy-agent-1.14.19.jar)
WARNING: If a serviceability tool is in use, please run with -XX:+EnableDynamicAgentLoading to hide this warning
WARNING: If a serviceability tool is not in use, please run with -Djdk.instrument.traceUsage for more information
WARNING: Dynamic loading of agents will be disallowed by default in a future release
]]></system-err>
  </testcase>
  <testcase name="findProductsByCategoryId" classname="com.shop.repository.ProductRepositoryTest" time="0.056">
    <system-out><![CDATA[Hibernate: 
    insert 
    into
        categories
        (created_at, name, parent_id) 
    values
        (?, ?, ?) 
    returning id
Hibernate: 
    insert 
    into
        products
        (category_id, created_at, description, image_url, name, price, stock) 
    values
        (?, ?, ?, ?, ?, ?, ?) 
    returning id
Hibernate: 
    insert 
    into
        products
        (category_id, created_at, description, image_url, name, price, stock) 
    values
        (?, ?, ?, ?, ?, ?, ?) 
    returning id
Hibernate: 
    select
        p1_0.id,
        p1_0.category_id,
        p1_0.created_at,
        p1_0.description,
        p1_0.image_url,
        p1_0.name,
        p1_0.price,
        p1_0.stock 
    from
        products p1_0 
    where
        p1_0.category_id=?
]]></system-out>
  </testcase>
  <testcase name="findRootCategories" classname="com.shop.repository.ProductRepositoryTest" time="0.009">
    <system-out><![CDATA[Hibernate: 
    insert 
    into
        categories
        (created_at, name, parent_id) 
    values
        (?, ?, ?) 
    returning id
Hibernate: 
    insert 
    into
        categories
        (created_at, name, parent_id) 
    values
        (?, ?, ?) 
    returning id
Hibernate: 
    select
        c1_0.id,
        c1_0.created_at,
        c1_0.name,
        c1_0.parent_id 
    from
        categories c1_0 
    where
        c1_0.parent_id is null
]]></system-out>
  </testcase>
</testsuite>